# JRE version: OpenJDK Runtime Environment Temurin-17.0.6+10 (17.0.6+10) (build 17.0.6+10)
# Java VM: OpenJDK 64-Bit Server VM Temurin-17.0.6+10 (17.0.6+10, mixed mode, emulated-client, tiered, compressed oops, compressed class ptrs, g1 gc, windows-amd64)
GC Precious Log:
 CPUs: 8 total, 8 available
 Memory: 8052M
 Large Page Support: Disabled
 NUMA Support: Disabled
 Compressed Oops: Enabled (32-bit)
 Heap Region Size: 1M
 Heap Min Capacity: 8M
 Heap Initial Capacity: 126M
 Heap Max Capacity: 1G
 Pre-touch: Disabled
 Parallel Workers: 8
 Concurrent Workers: 2
 Concurrent Refinement Workers: 8
 Periodic GC: Disabled
Heap:
 garbage-first heap   total 304128K, used 90934K [0x00000000c0000000, 0x0000000100000000)
  region size 1024K, 1 young (1024K), 0 survivors (0K)
 Metaspace       used 72101K, committed 72640K, reserved 1114112K
  class space    used 9916K, committed 10176K, reserved 1048576K
GC Heap History (20 events):
Event: 3852.240 GC heap before
{Heap before GC invocations=285 (full 140):
 garbage-first heap   total 304128K, used 260897K [0x00000000c0000000, 0x0000000100000000)
  region size 1024K, 168 young (172032K), 4 survivors (4096K)
 Metaspace       used 71817K, committed 72448K, reserved 1114112K
  class space    used 9862K, committed 10176K, reserved 1048576K
}
Event: 3852.244 GC heap after
{Heap after GC invocations=286 (full 140):
 garbage-first heap   total 304128K, used 92248K [0x00000000c0000000, 0x0000000100000000)
  region size 1024K, 3 young (3072K), 3 survivors (3072K)
 Metaspace       used 71817K, committed 72448K, reserved 1114112K
  class space    used 9862K, committed 10176K, reserved 1048576K
}
Event: 3852.717 GC heap before
{Heap before GC invocations=286 (full 140):
 garbage-first heap   total 304128K, used 262232K [0x00000000c0000000, 0x0000000100000000)
  region size 1024K, 169 young (173056K), 3 survivors (3072K)
 Metaspace       used 71824K, committed 72448K, reserved 1114112K
  class space    used 9864K, committed 10176K, reserved 1048576K
}
Event: 3852.723 GC heap after
{Heap after GC invocations=287 (full 140):
 garbage-first heap   total 304128K, used 92492K [0x00000000c0000000, 0x0000000100000000)
  region size 1024K, 3 young (3072K), 3 survivors (3072K)
 Metaspace       used 71824K, committed 72448K, reserved 1114112K
  class space    used 9864K, committed 10176K, reserved 1048576K
}
Event: 3853.290 GC heap before
{Heap before GC invocations=287 (full 140):
 garbage-first heap   total 304128K, used 264524K [0x00000000c0000000, 0x0000000100000000)
  region size 1024K, 171 young (175104K), 3 survivors (3072K)
 Metaspace       used 71889K, committed 72512K, reserved 1114112K
  class space    used 9880K, committed 10176K, reserved 1048576K
}
Event: 3853.295 GC heap after
{Heap after GC invocations=288 (full 140):
 garbage-first heap   total 304128K, used 92736K [0x00000000c0000000, 0x0000000100000000)
  region size 1024K, 3 young (3072K), 3 survivors (3072K)
 Metaspace       used 71889K, committed 72512K, reserved 1114112K
  class space    used 9880K, committed 10176K, reserved 1048576K
}
Event: 3861.563 GC heap before
{Heap before GC invocations=288 (full 140):
 garbage-first heap   total 304128K, used 264768K [0x00000000c0000000, 0x0000000100000000)
  region size 1024K, 172 young (176128K), 3 survivors (3072K)
 Metaspace       used 72101K, committed 72640K, reserved 1114112K
  class space    used 9916K, committed 10176K, reserved 1048576K
}
Event: 3861.569 GC heap after
{Heap after GC invocations=289 (full 140):
 garbage-first heap   total 304128K, used 94320K [0x00000000c0000000, 0x0000000100000000)
  region size 1024K, 5 young (5120K), 5 survivors (5120K)
 Metaspace       used 72101K, committed 72640K, reserved 1114112K
  class space    used 9916K, committed 10176K, reserved 1048576K
}
Event: 3906.577 GC heap before
{Heap before GC invocations=289 (full 140):
 garbage-first heap   total 304128K, used 173168K [0x00000000c0000000, 0x0000000100000000)
  region size 1024K, 83 young (84992K), 5 survivors (5120K)
 Metaspace       used 72101K, committed 72640K, reserved 1114112K
  class space    used 9916K, committed 10176K, reserved 1048576K
}
Event: 3906.664 GC heap after
{Heap after GC invocations=290 (full 141):
 garbage-first heap   total 304128K, used 91852K [0x00000000c0000000, 0x0000000100000000)
  region size 1024K, 0 young (0K), 0 survivors (0K)
 Metaspace       used 72101K, committed 72640K, reserved 1114112K
  class space    used 9916K, committed 10176K, reserved 1048576K
}
Event: 3917.158 GC heap before
{Heap before GC invocations=290 (full 141):
 garbage-first heap   total 304128K, used 91852K [0x00000000c0000000, 0x0000000100000000)
  region size 1024K, 1 young (1024K), 0 survivors (0K)
 Metaspace       used 72101K, committed 72640K, reserved 1114112K
  class space    used 9916K, committed 10176K, reserved 1048576K
}
Event: 3917.258 GC heap after
{Heap after GC invocations=291 (full 142):
 garbage-first heap   total 304128K, used 90844K [0x00000000c0000000, 0x0000000100000000)
  region size 1024K, 0 young (0K), 0 survivors (0K)
 Metaspace       used 72101K, committed 72640K, reserved 1114112K
  class space    used 9916K, committed 10176K, reserved 1048576K
}
Event: 3927.510 GC heap before
{Heap before GC invocations=291 (full 142):
 garbage-first heap   total 304128K, used 90844K [0x00000000c0000000, 0x0000000100000000)
  region size 1024K, 1 young (1024K), 0 survivors (0K)
 Metaspace       used 72101K, committed 72640K, reserved 1114112K
  class space    used 9916K, committed 10176K, reserved 1048576K
}
Event: 3927.583 GC heap after
{Heap after GC invocations=292 (full 143):
 garbage-first heap   total 304128K, used 90844K [0x00000000c0000000, 0x0000000100000000)
  region size 1024K, 0 young (0K), 0 survivors (0K)
 Metaspace       used 72101K, committed 72640K, reserved 1114112K
  class space    used 9916K, committed 10176K, reserved 1048576K
}
Event: 3977.850 GC heap before
{Heap before GC invocations=292 (full 143):
 garbage-first heap   total 304128K, used 211676K [0x00000000c0000000, 0x0000000100000000)
  region size 1024K, 120 young (122880K), 0 survivors (0K)
 Metaspace       used 72101K, committed 72640K, reserved 1114112K
  class space    used 9916K, committed 10176K, reserved 1048576K
}
Event: 3977.929 GC heap after
{Heap after GC invocations=293 (full 144):
 garbage-first heap   total 304128K, used 91952K [0x00000000c0000000, 0x0000000100000000)
  region size 1024K, 0 young (0K), 0 survivors (0K)
 Metaspace       used 72101K, committed 72640K, reserved 1114112K
  class space    used 9916K, committed 10176K, reserved 1048576K
}
Event: 3988.204 GC heap before
{Heap before GC invocations=293 (full 144):
 garbage-first heap   total 304128K, used 91952K [0x00000000c0000000, 0x0000000100000000)
  region size 1024K, 1 young (1024K), 0 survivors (0K)
 Metaspace       used 72101K, committed 72640K, reserved 1114112K
  class space    used 9916K, committed 10176K, reserved 1048576K
}
Event: 3988.293 GC heap after
{Heap after GC invocations=294 (full 145):
 garbage-first heap   total 304128K, used 90943K [0x00000000c0000000, 0x0000000100000000)
  region size 1024K, 0 young (0K), 0 survivors (0K)
 Metaspace       used 72101K, committed 72640K, reserved 1114112K
  class space    used 9916K, committed 10176K, reserved 1048576K
}
Event: 3998.821 GC heap before
{Heap before GC invocations=294 (full 145):
 garbage-first heap   total 304128K, used 91967K [0x00000000c0000000, 0x0000000100000000)
  region size 1024K, 2 young (2048K), 0 survivors (0K)
 Metaspace       used 72101K, committed 72640K, reserved 1114112K
  class space    used 9916K, committed 10176K, reserved 1048576K
}
Event: 3998.938 GC heap after
{Heap after GC invocations=295 (full 146):
 garbage-first heap   total 304128K, used 90934K [0x00000000c0000000, 0x0000000100000000)
  region size 1024K, 0 young (0K), 0 survivors (0K)
 Metaspace       used 72101K, committed 72640K, reserved 1114112K
  class space    used 9916K, committed 10176K, reserved 1048576K
}

