# JRE version: Java(TM) SE Runtime Environment (17.0.6+9) (build 17.0.6+9-LTS-190)
# Java VM: Java HotSpot(TM) 64-Bit Server VM (17.0.6+9-LTS-190, mixed mode, sharing, tiered, compressed oops, compressed class ptrs, g1 gc, windows-amd64)
GC Precious Log:
 CPUs: 8 total, 8 available
 Memory: 8052M
 Large Page Support: Disabled
 NUMA Support: Disabled
 Compressed Oops: Enabled (32-bit)
 Heap Region Size: 1M
 Heap Min Capacity: 8M
 Heap Initial Capacity: 126M
 Heap Max Capacity: 2014M
 Pre-touch: Disabled
 Parallel Workers: 8
 Concurrent Workers: 2
 Concurrent Refinement Workers: 8
 Periodic GC: Disabled
Heap:
 garbage-first heap   total 48128K, used 23738K [0x0000000082200000, 0x0000000100000000)
  region size 1024K, 6 young (6144K), 1 survivors (1024K)
 Metaspace       used 36383K, committed 36864K, reserved 1089536K
  class space    used 4729K, committed 4992K, reserved 1048576K
GC Heap History (14 events):
Event: 2.487 GC heap before
{Heap before GC invocations=0 (full 0):
 garbage-first heap   total 129024K, used 23552K [0x0000000082200000, 0x0000000100000000)
  region size 1024K, 23 young (23552K), 0 survivors (0K)
 Metaspace       used 6231K, committed 6400K, reserved 1056768K
  class space    used 755K, committed 832K, reserved 1048576K
}
Event: 2.498 GC heap after
{Heap after GC invocations=1 (full 0):
 garbage-first heap   total 129024K, used 7232K [0x0000000082200000, 0x0000000100000000)
  region size 1024K, 3 young (3072K), 3 survivors (3072K)
 Metaspace       used 6231K, committed 6400K, reserved 1056768K
  class space    used 755K, committed 832K, reserved 1048576K
}
Event: 3.621 GC heap before
{Heap before GC invocations=1 (full 0):
 garbage-first heap   total 129024K, used 33856K [0x0000000082200000, 0x0000000100000000)
  region size 1024K, 30 young (30720K), 3 survivors (3072K)
 Metaspace       used 12936K, committed 13184K, reserved 1064960K
  class space    used 1757K, committed 1856K, reserved 1048576K
}
Event: 3.631 GC heap after
{Heap after GC invocations=2 (full 0):
 garbage-first heap   total 129024K, used 9216K [0x0000000082200000, 0x0000000100000000)
  region size 1024K, 2 young (2048K), 2 survivors (2048K)
 Metaspace       used 12936K, committed 13184K, reserved 1064960K
  class space    used 1757K, committed 1856K, reserved 1048576K
}
Event: 5.724 GC heap before
{Heap before GC invocations=2 (full 0):
 garbage-first heap   total 129024K, used 55296K [0x0000000082200000, 0x0000000100000000)
  region size 1024K, 49 young (50176K), 2 survivors (2048K)
 Metaspace       used 21322K, committed 21504K, reserved 1073152K
  class space    used 2719K, committed 2816K, reserved 1048576K
}
Event: 5.740 GC heap after
{Heap after GC invocations=3 (full 0):
 garbage-first heap   total 129024K, used 12793K [0x0000000082200000, 0x0000000100000000)
  region size 1024K, 6 young (6144K), 6 survivors (6144K)
 Metaspace       used 21322K, committed 21504K, reserved 1073152K
  class space    used 2719K, committed 2816K, reserved 1048576K
}
Event: 7.883 GC heap before
{Heap before GC invocations=4 (full 0):
 garbage-first heap   total 48128K, used 36345K [0x0000000082200000, 0x0000000100000000)
  region size 1024K, 30 young (30720K), 6 survivors (6144K)
 Metaspace       used 25594K, committed 25984K, reserved 1073152K
  class space    used 3286K, committed 3456K, reserved 1048576K
}
Event: 7.913 GC heap after
{Heap after GC invocations=5 (full 0):
 garbage-first heap   total 48128K, used 14966K [0x0000000082200000, 0x0000000100000000)
  region size 1024K, 6 young (6144K), 6 survivors (6144K)
 Metaspace       used 25594K, committed 25984K, reserved 1073152K
  class space    used 3286K, committed 3456K, reserved 1048576K
}
Event: 9.071 GC heap before
{Heap before GC invocations=5 (full 0):
 garbage-first heap   total 48128K, used 33398K [0x0000000082200000, 0x0000000100000000)
  region size 1024K, 24 young (24576K), 6 survivors (6144K)
 Metaspace       used 29728K, committed 30144K, reserved 1081344K
  class space    used 3839K, committed 4032K, reserved 1048576K
}
Event: 9.101 GC heap after
{Heap after GC invocations=6 (full 0):
 garbage-first heap   total 48128K, used 17179K [0x0000000082200000, 0x0000000100000000)
  region size 1024K, 3 young (3072K), 3 survivors (3072K)
 Metaspace       used 29728K, committed 30144K, reserved 1081344K
  class space    used 3839K, committed 4032K, reserved 1048576K
}
Event: 10.218 GC heap before
{Heap before GC invocations=6 (full 0):
 garbage-first heap   total 48128K, used 34587K [0x0000000082200000, 0x0000000100000000)
  region size 1024K, 20 young (20480K), 3 survivors (3072K)
 Metaspace       used 33056K, committed 33536K, reserved 1081344K
  class space    used 4228K, committed 4480K, reserved 1048576K
}
Event: 10.223 GC heap after
{Heap after GC invocations=7 (full 0):
 garbage-first heap   total 48128K, used 19187K [0x0000000082200000, 0x0000000100000000)
  region size 1024K, 3 young (3072K), 3 survivors (3072K)
 Metaspace       used 33056K, committed 33536K, reserved 1081344K
  class space    used 4228K, committed 4480K, reserved 1048576K
}
Event: 11.355 GC heap before
{Heap before GC invocations=7 (full 0):
 garbage-first heap   total 48128K, used 27379K [0x0000000082200000, 0x0000000100000000)
  region size 1024K, 13 young (13312K), 3 survivors (3072K)
 Metaspace       used 35560K, committed 35968K, reserved 1081344K
  class space    used 4567K, committed 4800K, reserved 1048576K
}
Event: 11.359 GC heap after
{Heap after GC invocations=8 (full 0):
 garbage-first heap   total 48128K, used 19642K [0x0000000082200000, 0x0000000100000000)
  region size 1024K, 1 young (1024K), 1 survivors (1024K)
 Metaspace       used 35560K, committed 35968K, reserved 1081344K
  class space    used 4567K, committed 4800K, reserved 1048576K
}

